<?xml version="1.0" encoding="UTF-8"?>
<testng-results ignored="0" total="1" passed="1" failed="0" skipped="0">
  <reporter-output>
  </reporter-output>
  <suite started-at="2025-08-25T15:54:06 IST" name="Default suite" finished-at="2025-08-25T15:54:11 IST" duration-ms="4382">
    <groups>
    </groups>
    <test started-at="2025-08-25T15:54:06 IST" name="Default test" finished-at="2025-08-25T15:54:11 IST" duration-ms="4382">
      <class name="basic.GetTest">
        <test-method signature="testGetUsers()[pri:0, instance:basic.GetTest@4d5d943d]" started-at="2025-08-25T15:54:06 IST" name="testGetUsers" finished-at="2025-08-25T15:54:11 IST" duration-ms="4320" status="PASS">
          <reporter-output>
          </reporter-output>
        </test-method> <!-- testGetUsers -->
      </class> <!-- basic.GetTest -->
    </test> <!-- Default test -->
  </suite> <!-- Default suite -->
</testng-results>
